<?xml version="1.0" encoding="UTF-8"?>
<!-- Generated by org.testng.reporters.JUnitReportReporter -->
<testsuite hostname="JD-LAPTOP" failures="0" tests="3" name="Demo.Groupingclass1" time="0.010" errors="0" timestamp="2025-09-20T14:16:05 IST" skipped="0">
  <testcase classname="Demo.Groupingclass1" name="loginbyfacebook" time="0.008"/>
  <testcase classname="Demo.Groupingclass1" name="loginbyLinkedin" time="0.001"/>
  <testcase classname="Demo.Groupingclass1" name="loginbywhatsapp" time="0.001"/>
</testsuite> <!-- Demo.Groupingclass1 -->
