<?xml version="1.0" encoding="UTF-8"?>
<!-- Generated by org.testng.reporters.JUnitReportReporter -->
<testsuite hostname="JD-LAPTOP" failures="0" tests="2" name="Demo.Annotationdemo1" time="0.016" errors="0" timestamp="2025-09-19T20:51:21 IST" skipped="0">
  <testcase classname="Demo.Annotationdemo1" name="Search" time="0.014"/>
  <testcase classname="Demo.Annotationdemo1" name="advSearch" time="0.002"/>
</testsuite> <!-- Demo.Annotationdemo1 -->
