<?xml version="1.0" encoding="UTF-8"?>
<!-- Generated by org.testng.reporters.JUnitReportReporter -->
<testsuite hostname="JD-LAPTOP" failures="0" tests="6" name="Demo.ParallelTesting" time="2.403" errors="0" timestamp="2025-09-22T22:52:12 IST" skipped="0">
  <testcase classname="Demo.ParallelTesting" name="disply" time="1.101"/>
  <testcase classname="Demo.ParallelTesting" name="disply" time="1.044"/>
  <testcase classname="Demo.ParallelTesting" name="disply" time="0.091"/>
  <testcase classname="Demo.ParallelTesting" name="disply" time="0.078"/>
  <testcase classname="Demo.ParallelTesting" name="login" time="0.083"/>
  <testcase classname="Demo.ParallelTesting" name="login" time="0.006"/>
</testsuite> <!-- Demo.ParallelTesting -->
