<?xml version="1.0" encoding="UTF-8"?>
<!-- Generated by org.testng.reporters.JUnitReportReporter -->
<testsuite hostname="JD-LAPTOP" failures="0" tests="2" name="Demo.Annotationdemo5" time="0.002" errors="0" timestamp="2025-09-19T21:36:23 IST" skipped="0">
  <testcase classname="Demo.Annotationdemo5" name="advsearch" time="0.001"/>
  <testcase classname="Demo.Annotationdemo5" name="advsearch" time="0.001"/>
</testsuite> <!-- Demo.Annotationdemo5 -->
