<?xml version="1.0" encoding="UTF-8"?>
<!-- Generated by org.testng.reporters.JUnitReportReporter -->
<testsuite hostname="JD-LAPTOP" failures="0" tests="4" name="OrangeHRMTest" time="9.881" errors="0" timestamp="2025-09-19T18:58:53 IST" skipped="0">
  <testcase classname="OrangeHRMTest" name="OpenApp" time="7.968"/>
  <testcase classname="OrangeHRMTest" name="testLogo" time="1.105"/>
  <testcase classname="OrangeHRMTest" name="login" time="0.475"/>
  <testcase classname="OrangeHRMTest" name="logout" time="0.333"/>
</testsuite> <!-- OrangeHRMTest -->
