<?xml version="1.0" encoding="UTF-8"?>
<!-- Generated by org.testng.reporters.JUnitReportReporter -->
<testsuite hostname="JD-LAPTOP" failures="0" tests="1" name="Demo.Assertiondemo" time="0.017" errors="0" timestamp="2025-09-20T13:00:16 IST" skipped="0">
  <testcase classname="Demo.Assertiondemo" name="softAssert" time="0.017"/>
</testsuite> <!-- Demo.Assertiondemo -->
