<?xml version="1.0" encoding="UTF-8"?>
<!-- Generated by org.testng.reporters.JUnitReportReporter -->
<testsuite hostname="JD-LAPTOP" failures="0" tests="2" name="Demo.Annotationdemo3" time="0.008" errors="0" timestamp="2025-09-19T21:36:23 IST" skipped="0">
  <testcase classname="Demo.Annotationdemo3" name="search" time="0.007"/>
  <testcase classname="Demo.Annotationdemo3" name="search" time="0.001"/>
</testsuite> <!-- Demo.Annotationdemo3 -->
