<?xml version="1.0" encoding="UTF-8"?>
<!-- Generated by org.testng.reporters.JUnitReportReporter -->
<testsuite hostname="JD-LAPTOP" failures="0" tests="2" name="Demo.TestNgDemo" time="0.006" errors="0" timestamp="2025-09-19T19:22:12 IST" skipped="0">
  <testcase classname="Demo.TestNgDemo" name="login" time="0.002"/>
  <testcase classname="Demo.TestNgDemo" name="openApp" time="0.004"/>
</testsuite> <!-- Demo.TestNgDemo -->
