<?xml version="1.0" encoding="UTF-8"?>
<!-- Generated by org.testng.reporters.JUnitReportReporter -->
<testsuite hostname="JD-LAPTOP" failures="0" tests="2" name="Demo.Groupingclass3" time="0.010" errors="0" timestamp="2025-09-20T14:19:05 IST" skipped="0">
  <testcase classname="Demo.Groupingclass3" name="paymentonline" time="0.008"/>
  <testcase classname="Demo.Groupingclass3" name="paymentoffline" time="0.002"/>
</testsuite> <!-- Demo.Groupingclass3 -->
