<?xml version="1.0" encoding="UTF-8"?>
<!-- Generated by org.testng.reporters.JUnitReportReporter -->
<testsuite hostname="JD-LAPTOP" failures="0" tests="4" name="Demo.OrangeHRMTest" time="11.714" errors="0" timestamp="2025-09-24T20:30:05 IST" skipped="0">
  <testcase classname="Demo.OrangeHRMTest" name="OpenApp" time="9.704"/>
  <testcase classname="Demo.OrangeHRMTest" name="testLogo" time="1.209"/>
  <testcase classname="Demo.OrangeHRMTest" name="login" time="0.546"/>
  <testcase classname="Demo.OrangeHRMTest" name="logout" time="0.255"/>
</testsuite> <!-- Demo.OrangeHRMTest -->
