<?xml version="1.0" encoding="UTF-8"?>
<!-- Generated by org.testng.reporters.JUnitReportReporter -->
<testsuite hostname="JD-LAPTOP" failures="0" tests="2" name="Demo.Groupingclass2" time="0.010" errors="0" timestamp="2025-09-20T14:17:45 IST" skipped="0">
  <testcase classname="Demo.Groupingclass2" name="regression1" time="0.009"/>
  <testcase classname="Demo.Groupingclass2" name="regression2" time="0.001"/>
</testsuite> <!-- Demo.Groupingclass2 -->
