<?xml version="1.0" encoding="UTF-8"?>
<!-- Generated by org.testng.reporters.JUnitReportReporter -->
<testsuite hostname="JD-LAPTOP" failures="0" tests="1" name="Pageobjectmodel.LoginTest" time="6.907" errors="0" timestamp="2025-09-23T22:42:44 IST" skipped="0">
  <testcase classname="Pageobjectmodel.LoginTest" name="login" time="6.907"/>
</testsuite> <!-- Pageobjectmodel.LoginTest -->
