<?xml version="1.0" encoding="UTF-8"?>
<!-- Generated by org.testng.reporters.JUnitReportReporter -->
<testsuite hostname="JD-LAPTOP" failures="0" tests="2" name="TestNgDemo" time="0.010" errors="0" timestamp="2025-09-19T18:12:15 IST" skipped="0">
  <testcase classname="TestNgDemo" name="login" time="0.009"/>
  <testcase classname="TestNgDemo" name="openApp" time="0.001"/>
</testsuite> <!-- TestNgDemo -->
