<?xml version="1.0" encoding="UTF-8"?>
<!-- Generated by org.testng.reporters.JUnitReportReporter -->
<testsuite hostname="JD-LAPTOP" failures="0" tests="2" name="Demo.Annotationdemo2" time="0.007" errors="0" timestamp="2025-09-19T21:00:15 IST" skipped="0">
  <testcase classname="Demo.Annotationdemo2" name="Search" time="0.006"/>
  <testcase classname="Demo.Annotationdemo2" name="advSearch" time="0.001"/>
</testsuite> <!-- Demo.Annotationdemo2 -->
