<?xml version="1.0" encoding="UTF-8"?>
<!-- Generated by org.testng.reporters.JUnitReportReporter -->
<testsuite hostname="JD-LAPTOP" failures="0" tests="4" name="Demo.OrangeHRMTest" time="12.953" errors="0" timestamp="2025-09-24T21:01:55 IST" skipped="0">
  <testcase classname="Demo.OrangeHRMTest" name="OpenApp" time="11.261"/>
  <testcase classname="Demo.OrangeHRMTest" name="testLogo" time="1.107"/>
  <testcase classname="Demo.OrangeHRMTest" name="login" time="0.307"/>
  <testcase classname="Demo.OrangeHRMTest" name="logout" time="0.278"/>
</testsuite> <!-- Demo.OrangeHRMTest -->
